2022-02-02 17:31:38.816  INFO 13856 --- [restartedMain] c.a.bookstore.BookStoreMainApplication   : Starting BookStoreMainApplication using Java 1.8.0_301 on Mohan with PID 13856 (E:\CFP_Project\Book_Store_Application\BookStoreMain\target\classes started by kmoha in E:\CFP_Project\Book_Store_Application\BookStoreCart)
2022-02-02 17:31:38.828  INFO 13856 --- [restartedMain] c.a.bookstore.BookStoreMainApplication   : No active profile set, falling back to default profiles: default
2022-02-02 17:31:38.969  INFO 13856 --- [restartedMain] o.s.b.context.config.ConfigDataLoader    : Fetching config from server at : http://localhost:9999
2022-02-02 17:31:38.971  INFO 13856 --- [restartedMain] o.s.b.context.config.ConfigDataLoader    : Located environment: name=book-store-service, profiles=[default], label=null, version=b3f74a93aa217ae9cfdbbe1ed8630957640bcc6c, state=null
2022-02-02 17:31:39.108  INFO 13856 --- [restartedMain] .e.DevToolsPropertyDefaultsPostProcessor : Devtools property defaults active! Set 'spring.devtools.add-properties' to 'false' to disable
2022-02-02 17:31:39.109  INFO 13856 --- [restartedMain] .e.DevToolsPropertyDefaultsPostProcessor : For additional web related logging consider setting the 'logging.level.web' property to 'DEBUG'
2022-02-02 17:31:42.060  INFO 13856 --- [restartedMain] o.s.cloud.context.scope.GenericScope     : BeanFactory id=b7f4e5c1-2911-3dfd-a66c-dbf3c4abcc40
2022-02-02 17:31:43.268  INFO 13856 --- [restartedMain] o.s.b.w.embedded.tomcat.TomcatWebServer  : Tomcat initialized with port(s): 8081 (http)
2022-02-02 17:31:43.271  INFO 13856 --- [restartedMain] o.a.catalina.core.AprLifecycleListener   : Loaded Apache Tomcat Native library [1.2.31] using APR version [1.7.0].
2022-02-02 17:31:43.272  INFO 13856 --- [restartedMain] o.a.catalina.core.AprLifecycleListener   : APR capabilities: IPv6 [true], sendfile [true], accept filters [false], random [true], UDS [true].
2022-02-02 17:31:43.272  INFO 13856 --- [restartedMain] o.a.catalina.core.AprLifecycleListener   : APR/OpenSSL configuration: useAprConnector [false], useOpenSSL [true]
2022-02-02 17:31:43.280  INFO 13856 --- [restartedMain] o.a.catalina.core.AprLifecycleListener   : OpenSSL successfully initialized [OpenSSL 1.1.1l  24 Aug 2021]
2022-02-02 17:31:43.297  INFO 13856 --- [restartedMain] o.apache.catalina.core.StandardService   : Starting service [Tomcat]
2022-02-02 17:31:43.299  INFO 13856 --- [restartedMain] org.apache.catalina.core.StandardEngine  : Starting Servlet engine: [Apache Tomcat/9.0.56]
2022-02-02 17:31:43.537  INFO 13856 --- [restartedMain] o.a.c.c.C.[Tomcat].[localhost].[/]       : Initializing Spring embedded WebApplicationContext
2022-02-02 17:31:43.538  INFO 13856 --- [restartedMain] w.s.c.ServletWebServerApplicationContext : Root WebApplicationContext: initialization completed in 4426 ms
2022-02-02 17:31:45.242  WARN 13856 --- [restartedMain] o.s.b.d.a.OptionalLiveReloadServer       : Unable to start LiveReload server
2022-02-02 17:31:45.996  INFO 13856 --- [restartedMain] o.s.b.a.e.web.EndpointLinksResolver      : Exposing 1 endpoint(s) beneath base path '/actuator'
2022-02-02 17:31:46.188  INFO 13856 --- [restartedMain] o.s.b.w.embedded.tomcat.TomcatWebServer  : Tomcat started on port(s): 8081 (http) with context path ''
2022-02-02 17:31:46.981  INFO 13856 --- [restartedMain] c.a.bookstore.BookStoreMainApplication   : Started BookStoreMainApplication in 17.941 seconds (JVM running for 20.541)
2022-02-02 17:31:48.545  INFO 13856 --- [RMI TCP Connection(4)-192.168.55.106] o.a.c.c.C.[Tomcat].[localhost].[/]       : Initializing Spring DispatcherServlet 'dispatcherServlet'
2022-02-02 17:31:48.547  INFO 13856 --- [RMI TCP Connection(4)-192.168.55.106] o.s.web.servlet.DispatcherServlet        : Initializing Servlet 'dispatcherServlet'
2022-02-02 17:31:48.553  INFO 13856 --- [RMI TCP Connection(4)-192.168.55.106] o.s.web.servlet.DispatcherServlet        : Completed initialization in 5 ms
